<?xml version="1.0" encoding="UTF-8"?>
<!-- Generated by org.testng.reporters.JUnitReportReporter -->
<testsuite hostname="DESKTOP-K54VKPM" failures="0" tests="1" name="test_cases.AddToCartFromWishList" time="3.932" errors="0" timestamp="2023-06-19T13:01:42 IST" skipped="0">
  <testcase classname="test_cases.AddToCartFromWishList" name="removerFromWishListTestCase" time="3.932"/>
  <system-out/>
</testsuite> <!-- test_cases.AddToCartFromWishList -->
