<?xml version="1.0" encoding="UTF-8"?>
<!-- Generated by org.testng.reporters.JUnitReportReporter -->
<testsuite hostname="DESKTOP-K54VKPM" failures="0" tests="4" name="com.TestScripts.RegisterTestCase" time="9.522" errors="0" timestamp="2023-06-14T14:37:09 IST" skipped="0">
  <testcase classname="com.TestScripts.RegisterTestCase" name="registerTestCase" time="2.344"/>
  <system-out/>
  <testcase classname="com.TestScripts.RegisterTestCase" name="registerTestCase" time="2.315"/>
  <system-out/>
  <testcase classname="com.TestScripts.RegisterTestCase" name="registerTestCase" time="2.278"/>
  <system-out/>
  <testcase classname="com.TestScripts.RegisterTestCase" name="registerTestCase" time="2.585"/>
  <system-out/>
</testsuite> <!-- com.TestScripts.RegisterTestCase -->
