<?xml version="1.0" encoding="UTF-8"?>
<!-- Generated by org.testng.reporters.JUnitReportReporter -->
<testsuite hostname="DESKTOP-K54VKPM" failures="0" tests="3" name="test_cases.SubscribeTest" time="3.450" errors="0" timestamp="2023-06-19T12:10:27 IST" skipped="0">
  <testcase classname="test_cases.SubscribeTest" name="voteTestCase" time="0.475"/>
  <system-out/>
  <testcase classname="test_cases.SubscribeTest" name="voteTestCase" time="1.488"/>
  <system-out/>
  <testcase classname="test_cases.SubscribeTest" name="voteTestCase" time="1.487"/>
  <system-out/>
</testsuite> <!-- test_cases.SubscribeTest -->
