<?xml version="1.0" encoding="UTF-8"?>
<!-- Generated by org.testng.reporters.JUnitReportReporter -->
<testsuite hostname="DESKTOP-K54VKPM" failures="0" tests="3" name="com.TestScripts.SubscribeTest" time="5.590" errors="0" timestamp="2023-06-14T14:37:09 IST" skipped="0">
  <testcase classname="com.TestScripts.SubscribeTest" name="subcriberTestCase" time="3.408"/>
  <system-out/>
  <testcase classname="com.TestScripts.SubscribeTest" name="subcriberTestCase" time="1.732"/>
  <system-out/>
  <testcase classname="com.TestScripts.SubscribeTest" name="subcriberTestCase" time="0.450"/>
  <system-out/>
</testsuite> <!-- com.TestScripts.SubscribeTest -->
