<?xml version="1.0" encoding="UTF-8"?>
<!-- Generated by org.testng.reporters.JUnitReportReporter -->
<testsuite hostname="DESKTOP-K54VKPM" failures="0" tests="4" name="test_cases.AddBookToCartTest" time="9.914" errors="0" timestamp="2023-06-19T12:25:57 IST" skipped="0">
  <testcase classname="test_cases.AddBookToCartTest" name="addBookToCartTestCase" time="2.301"/>
  <system-out/>
  <testcase classname="test_cases.AddBookToCartTest" name="addBookToCartTestCase" time="2.886"/>
  <system-out/>
  <testcase classname="test_cases.AddBookToCartTest" name="addBookToCartTestCase" time="2.409"/>
  <system-out/>
  <testcase classname="test_cases.AddBookToCartTest" name="addBookToCartTestCase" time="2.318"/>
  <system-out/>
</testsuite> <!-- test_cases.AddBookToCartTest -->
