<?xml version="1.0" encoding="UTF-8"?>
<!-- Generated by org.testng.reporters.JUnitReportReporter -->
<testsuite hostname="DESKTOP-K54VKPM" failures="0" tests="1" name="test_cases.RemoveFromWishList" time="4.756" errors="0" timestamp="2023-06-19T12:57:13 IST" skipped="0">
  <testcase classname="test_cases.RemoveFromWishList" name="removerFromCartTestCase" time="4.756"/>
  <system-out/>
</testsuite> <!-- test_cases.RemoveFromWishList -->
