<?xml version="1.0" encoding="UTF-8"?>
<!-- Generated by org.testng.reporters.JUnitReportReporter -->
<testsuite hostname="DESKTOP-K54VKPM" failures="0" tests="1" name="test_cases.SortBooksTest" time="16.849" errors="0" timestamp="2023-06-19T14:11:32 IST" skipped="0">
  <testcase classname="test_cases.SortBooksTest" name="sortBooksTestCase" time="16.849"/>
  <system-out/>
</testsuite> <!-- test_cases.SortBooksTest -->
