<?xml version="1.0" encoding="UTF-8"?>
<!-- Generated by org.testng.reporters.JUnitReportReporter -->
<testsuite hostname="DESKTOP-K54VKPM" failures="0" tests="3" name="test_cases.SearchTest" time="3.408" errors="0" timestamp="2023-06-21T15:33:13 IST" skipped="0">
  <testcase classname="test_cases.SearchTest" name="searchTest" time="1.031"/>
  <system-out/>
  <testcase classname="test_cases.SearchTest" name="searchTest" time="1.163"/>
  <system-out/>
  <testcase classname="test_cases.SearchTest" name="searchTest" time="1.214"/>
  <system-out/>
</testsuite> <!-- test_cases.SearchTest -->
