<?xml version="1.0" encoding="UTF-8"?>
<!-- Generated by org.testng.reporters.JUnitReportReporter -->
<testsuite hostname="DESKTOP-K54VKPM" failures="0" tests="1" name="test_cases.RemoveFromCart" time="5.463" errors="0" timestamp="2023-06-19T13:12:57 IST" skipped="0">
  <testcase classname="test_cases.RemoveFromCart" name="removeFromCartTestCase" time="5.463"/>
  <system-out/>
</testsuite> <!-- test_cases.RemoveFromCart -->
