<?xml version="1.0" encoding="UTF-8"?>
<!-- Generated by org.testng.reporters.JUnitReportReporter -->
<testsuite hostname="DESKTOP-K54VKPM" failures="0" tests="1" name="test_cases.AddSmartPhoneToCart" time="6.980" errors="0" timestamp="2023-06-19T16:59:10 IST" skipped="0">
  <testcase classname="test_cases.AddSmartPhoneToCart" name="addSmartPhoneTestCase" time="6.980"/>
  <system-out/>
</testsuite> <!-- test_cases.AddSmartPhoneToCart -->
