<?xml version="1.0" encoding="UTF-8"?>
<!-- Generated by org.testng.reporters.JUnitReportReporter -->
<testsuite hostname="DESKTOP-K54VKPM" failures="0" tests="4" name="test_cases.RegisterTest" time="13.408" errors="0" timestamp="2023-06-19T11:34:55 IST" skipped="0">
  <testcase classname="test_cases.RegisterTest" name="registerTestCase" time="2.890"/>
  <system-out/>
  <testcase classname="test_cases.RegisterTest" name="registerTestCase" time="2.716"/>
  <system-out/>
  <testcase classname="test_cases.RegisterTest" name="registerTestCase" time="4.310"/>
  <system-out/>
  <testcase classname="test_cases.RegisterTest" name="registerTestCase" time="3.492"/>
  <system-out/>
</testsuite> <!-- test_cases.RegisterTest -->
