<?xml version="1.0" encoding="UTF-8"?>
<!-- Generated by org.testng.reporters.JUnitReportReporter -->
<testsuite hostname="DESKTOP-K54VKPM" failures="0" tests="1" name="com.TestScripts.YatraTestCase" time="19.603" errors="0" timestamp="2023-06-14T18:00:07 IST" skipped="0">
  <testcase classname="com.TestScripts.YatraTestCase" name="yatraTest" time="19.603"/>
  <system-out/>
</testsuite> <!-- com.TestScripts.YatraTestCase -->
