<?xml version="1.0" encoding="UTF-8"?>
<!-- Generated by org.testng.reporters.JUnitReportReporter -->
<testsuite hostname="DESKTOP-K54VKPM" failures="0" tests="1" name="com.TestScripts.LoginTestCase" time="3.874" errors="0" timestamp="2023-06-23T14:50:24 IST" skipped="0">
  <testcase classname="com.TestScripts.LoginTestCase" name="loginTestCase" time="3.874"/>
  <system-out/>
</testsuite> <!-- com.TestScripts.LoginTestCase -->
