<?xml version="1.0" encoding="UTF-8"?>
<!-- Generated by org.testng.reporters.JUnitReportReporter -->
<testsuite hostname="DESKTOP-K54VKPM" failures="0" tests="3" name="com.TestScripts.SearchBoxTestCase" time="4.679" errors="0" timestamp="2023-06-14T14:37:09 IST" skipped="0">
  <testcase classname="com.TestScripts.SearchBoxTestCase" name="searchBoxTestCase" time="1.500"/>
  <system-out/>
  <testcase classname="com.TestScripts.SearchBoxTestCase" name="searchBoxTestCase" time="1.708"/>
  <system-out/>
  <testcase classname="com.TestScripts.SearchBoxTestCase" name="searchBoxTestCase" time="1.471"/>
  <system-out/>
</testsuite> <!-- com.TestScripts.SearchBoxTestCase -->
