<?xml version="1.0" encoding="UTF-8"?>
<!-- Generated by org.testng.reporters.JUnitReportReporter -->
<testsuite hostname="DESKTOP-K54VKPM" failures="0" tests="3" name="test_cases.SearchTest" time="4.320" errors="0" timestamp="2023-06-19T12:03:49 IST" skipped="0">
  <testcase classname="test_cases.SearchTest" name="searchTest" time="1.190"/>
  <system-out/>
  <testcase classname="test_cases.SearchTest" name="searchTest" time="1.863"/>
  <system-out/>
  <testcase classname="test_cases.SearchTest" name="searchTest" time="1.267"/>
  <system-out/>
</testsuite> <!-- test_cases.SearchTest -->
