<?xml version="1.0" encoding="UTF-8"?>
<!-- Generated by org.testng.reporters.JUnitReportReporter -->
<testsuite hostname="DESKTOP-K54VKPM" failures="0" tests="2" name="com.TestScripts.LoginTestCase" time="5.147" errors="0" timestamp="2023-06-15T10:31:52 IST" skipped="0">
  <testcase classname="com.TestScripts.LoginTestCase" name="loginTestCase" time="2.919"/>
  <system-out/>
  <testcase classname="com.TestScripts.LoginTestCase" name="loginTestCase" time="2.228"/>
  <system-out/>
</testsuite> <!-- com.TestScripts.LoginTestCase -->
