<?xml version="1.0" encoding="UTF-8"?>
<!-- Generated by org.testng.reporters.JUnitReportReporter -->
<testsuite hostname="DESKTOP-K54VKPM" failures="0" tests="1" name="test_cases.LoginTest" time="4.817" errors="0" timestamp="2023-06-23T16:57:55 IST" skipped="0">
  <testcase classname="test_cases.LoginTest" name="loginTestCase" time="4.817"/>
  <system-out/>
</testsuite> <!-- test_cases.LoginTest -->
