<?xml version="1.0" encoding="UTF-8"?>
<!-- Generated by org.testng.reporters.JUnitReportReporter -->
<testsuite hostname="DESKTOP-K54VKPM" failures="0" tests="1" name="test_cases.VoteTest" time="0.955" errors="0" timestamp="2023-06-19T12:09:16 IST" skipped="0">
  <testcase classname="test_cases.VoteTest" name="voteTest" time="0.955"/>
  <system-out/>
</testsuite> <!-- test_cases.VoteTest -->
