<?xml version="1.0" encoding="UTF-8"?>
<!-- Generated by org.testng.reporters.JUnitReportReporter -->
<testsuite hostname="DESKTOP-K54VKPM" failures="0" tests="1" name="test_cases.DeskTopAddToCartTest" time="3.475" errors="0" timestamp="2023-06-22T17:42:51 IST" skipped="0">
  <testcase classname="test_cases.DeskTopAddToCartTest" name="desktopAddToCartTestcase" time="3.475"/>
  <system-out/>
</testsuite> <!-- test_cases.DeskTopAddToCartTest -->
