<?xml version="1.0" encoding="UTF-8"?>
<!-- Generated by org.testng.reporters.JUnitReportReporter -->
<testsuite skipped="0" hostname="DESKTOP-K54VKPM" name="test_cases.AddToCartFromWishList" tests="1" failures="0" timestamp="2023-06-19T14:40:51 IST" time="3.717" errors="0">
  <testcase name="removerFromWishListTestCase" time="3.717" classname="test_cases.AddToCartFromWishList"/>
  <system-out/>
</testsuite> <!-- test_cases.AddToCartFromWishList -->
