<?xml version="1.0" encoding="UTF-8"?>
<!-- Generated by org.testng.reporters.JUnitReportReporter -->
<testsuite skipped="0" hostname="DESKTOP-K54VKPM" name="test_cases.RemoveFromCart" tests="1" failures="0" timestamp="2023-06-19T14:40:51 IST" time="5.004" errors="0">
  <testcase name="removeFromCartTestCase" time="5.004" classname="test_cases.RemoveFromCart"/>
  <system-out/>
</testsuite> <!-- test_cases.RemoveFromCart -->
