<?xml version="1.0" encoding="UTF-8"?>
<!-- Generated by org.testng.reporters.JUnitReportReporter -->
<testsuite skipped="0" hostname="DESKTOP-K54VKPM" name="test_cases.AddBookToCartTest" tests="1" failures="0" timestamp="2023-06-19T14:40:51 IST" time="2.370" errors="0">
  <testcase name="addBookToCartTestCase" time="2.370" classname="test_cases.AddBookToCartTest"/>
  <system-out/>
</testsuite> <!-- test_cases.AddBookToCartTest -->
