<?xml version="1.0" encoding="UTF-8"?>
<!-- Generated by org.testng.reporters.JUnitReportReporter -->
<testsuite skipped="0" hostname="DESKTOP-K54VKPM" name="test_cases.VoteTest" tests="1" failures="0" timestamp="2023-06-19T14:42:25 IST" time="0.807" errors="0">
  <testcase name="voteTest" time="0.807" classname="test_cases.VoteTest"/>
  <system-out/>
</testsuite> <!-- test_cases.VoteTest -->
