<?xml version="1.0" encoding="UTF-8"?>
<!-- Generated by org.testng.reporters.JUnitReportReporter -->
<testsuite skipped="0" hostname="DESKTOP-K54VKPM" name="test_cases.SubscribeTest" tests="3" failures="0" timestamp="2023-06-19T14:42:25 IST" time="2.641" errors="0">
  <testcase name="voteTestCase" time="1.184" classname="test_cases.SubscribeTest"/>
  <system-out/>
  <testcase name="voteTestCase" time="1.090" classname="test_cases.SubscribeTest"/>
  <system-out/>
  <testcase name="voteTestCase" time="0.367" classname="test_cases.SubscribeTest"/>
  <system-out/>
</testsuite> <!-- test_cases.SubscribeTest -->
