<?xml version="1.0" encoding="UTF-8"?>
<!-- Generated by org.testng.reporters.JUnitReportReporter -->
<testsuite skipped="0" hostname="DESKTOP-K54VKPM" name="test_cases.SearchTest" tests="3" failures="0" timestamp="2023-06-19T14:36:45 IST" time="3.305" errors="0">
  <testcase name="searchTest" time="1.170" classname="test_cases.SearchTest"/>
  <system-out/>
  <testcase name="searchTest" time="1.061" classname="test_cases.SearchTest"/>
  <system-out/>
  <testcase name="searchTest" time="1.074" classname="test_cases.SearchTest"/>
  <system-out/>
</testsuite> <!-- test_cases.SearchTest -->
