<?xml version="1.0" encoding="UTF-8"?>
<!-- Generated by org.testng.reporters.JUnitReportReporter -->
<testsuite skipped="0" hostname="DESKTOP-K54VKPM" name="test_cases.LoginTest" tests="1" failures="0" timestamp="2023-06-19T14:36:45 IST" time="3.757" errors="0">
  <testcase name="loginTestCase" time="3.757" classname="test_cases.LoginTest"/>
  <system-out/>
</testsuite> <!-- test_cases.LoginTest -->
