<?xml version="1.0" encoding="UTF-8"?>
<!-- Generated by org.testng.reporters.JUnitReportReporter -->
<testsuite skipped="0" hostname="DESKTOP-K54VKPM" name="test_cases.SortBooksTest" tests="1" failures="0" timestamp="2023-06-19T14:42:25 IST" time="17.008" errors="0">
  <testcase name="sortBooksTestCase" time="17.008" classname="test_cases.SortBooksTest"/>
  <system-out/>
</testsuite> <!-- test_cases.SortBooksTest -->
