<?xml version="1.0" encoding="UTF-8"?>
<!-- Generated by org.testng.reporters.JUnitReportReporter -->
<testsuite skipped="0" hostname="DESKTOP-K54VKPM" name="test_cases.RegisterTest" tests="4" failures="0" timestamp="2023-06-19T14:36:45 IST" time="10.347" errors="0">
  <testcase name="registerTestCase" time="2.450" classname="test_cases.RegisterTest"/>
  <system-out/>
  <testcase name="registerTestCase" time="2.478" classname="test_cases.RegisterTest"/>
  <system-out/>
  <testcase name="registerTestCase" time="3.002" classname="test_cases.RegisterTest"/>
  <system-out/>
  <testcase name="registerTestCase" time="2.417" classname="test_cases.RegisterTest"/>
  <system-out/>
</testsuite> <!-- test_cases.RegisterTest -->
